<?xml version="1.0" encoding="UTF-8"?>
<!-- Generated by org.testng.reporters.JUnitReportReporter -->
<testsuite skipped="0" hostname="SKY-20180816KTW" name="com.test.one.TestHelloWorld" tests="1" failures="0" timestamp="26 二月 2019 01:33:41 GMT" time="0.009" errors="0">
  <testcase name="testEmailGenerator" time="0.009" classname="com.test.one.TestHelloWorld"/>
</testsuite> <!-- com.test.one.TestHelloWorld -->
